[13-Mar-2024 20:19:13 UTC] PHP Warning:  Undefined array key "user" in C:\Users\UDAYY\Local Sites\charitiesinstitute\app\public\wp-content\plugins\elementor\core\common\modules\connect\module.php on line 255
[13-Mar-2024 20:19:13 UTC] PHP Warning:  Attempt to read property "email" on null in C:\Users\UDAYY\Local Sites\charitiesinstitute\app\public\wp-content\plugins\elementor\core\common\modules\connect\module.php on line 255
[13-Mar-2024 20:23:16 UTC] PHP Warning:  Trying to access array offset on value of type bool in C:\Users\UDAYY\Local Sites\charitiesinstitute\app\public\wp-content\plugins\elementor\includes\managers\image.php on line 113
[13-Mar-2024 20:23:16 UTC] PHP Warning:  Trying to access array offset on value of type bool in C:\Users\UDAYY\Local Sites\charitiesinstitute\app\public\wp-content\plugins\elementor\includes\managers\image.php on line 113
[13-Mar-2024 20:23:16 UTC] PHP Warning:  Trying to access array offset on value of type bool in C:\Users\UDAYY\Local Sites\charitiesinstitute\app\public\wp-content\plugins\elementor\includes\managers\image.php on line 113
[13-Mar-2024 20:23:16 UTC] PHP Warning:  Trying to access array offset on value of type bool in C:\Users\UDAYY\Local Sites\charitiesinstitute\app\public\wp-content\plugins\elementor\includes\managers\image.php on line 113
[13-Mar-2024 20:23:16 UTC] PHP Warning:  Trying to access array offset on value of type bool in C:\Users\UDAYY\Local Sites\charitiesinstitute\app\public\wp-content\plugins\elementor\includes\managers\image.php on line 113
[13-Mar-2024 20:23:16 UTC] PHP Warning:  Trying to access array offset on value of type bool in C:\Users\UDAYY\Local Sites\charitiesinstitute\app\public\wp-content\plugins\elementor\includes\managers\image.php on line 113
[13-Mar-2024 20:23:16 UTC] PHP Warning:  Trying to access array offset on value of type bool in C:\Users\UDAYY\Local Sites\charitiesinstitute\app\public\wp-content\plugins\elementor\includes\managers\image.php on line 113
[13-Mar-2024 20:23:16 UTC] PHP Warning:  Trying to access array offset on value of type bool in C:\Users\UDAYY\Local Sites\charitiesinstitute\app\public\wp-content\plugins\elementor\includes\managers\image.php on line 113
[13-Mar-2024 20:23:16 UTC] PHP Warning:  Trying to access array offset on value of type bool in C:\Users\UDAYY\Local Sites\charitiesinstitute\app\public\wp-content\plugins\elementor\includes\managers\image.php on line 113
[13-Mar-2024 20:23:32 UTC] PHP Warning:  Trying to access array offset on value of type bool in C:\Users\UDAYY\Local Sites\charitiesinstitute\app\public\wp-content\plugins\elementor\includes\managers\image.php on line 113
[13-Mar-2024 20:29:58 UTC] PHP Warning:  Trying to access array offset on value of type bool in C:\Users\UDAYY\Local Sites\charitiesinstitute\app\public\wp-content\plugins\elementor\includes\managers\image.php on line 113
[13-Mar-2024 20:29:58 UTC] PHP Warning:  Trying to access array offset on value of type bool in C:\Users\UDAYY\Local Sites\charitiesinstitute\app\public\wp-content\plugins\elementor\includes\managers\image.php on line 113
[13-Mar-2024 20:29:58 UTC] PHP Warning:  Trying to access array offset on value of type bool in C:\Users\UDAYY\Local Sites\charitiesinstitute\app\public\wp-content\plugins\elementor\includes\managers\image.php on line 113
[13-Mar-2024 20:29:58 UTC] PHP Warning:  Trying to access array offset on value of type bool in C:\Users\UDAYY\Local Sites\charitiesinstitute\app\public\wp-content\plugins\elementor\includes\managers\image.php on line 113
[13-Mar-2024 20:29:58 UTC] PHP Warning:  Trying to access array offset on value of type bool in C:\Users\UDAYY\Local Sites\charitiesinstitute\app\public\wp-content\plugins\elementor\includes\managers\image.php on line 113
[13-Mar-2024 20:29:58 UTC] PHP Warning:  Trying to access array offset on value of type bool in C:\Users\UDAYY\Local Sites\charitiesinstitute\app\public\wp-content\plugins\elementor\includes\managers\image.php on line 113
[13-Mar-2024 20:29:58 UTC] PHP Warning:  Trying to access array offset on value of type bool in C:\Users\UDAYY\Local Sites\charitiesinstitute\app\public\wp-content\plugins\elementor\includes\managers\image.php on line 113
[13-Mar-2024 20:29:58 UTC] PHP Warning:  Trying to access array offset on value of type bool in C:\Users\UDAYY\Local Sites\charitiesinstitute\app\public\wp-content\plugins\elementor\includes\managers\image.php on line 113
[13-Mar-2024 20:29:58 UTC] PHP Warning:  Trying to access array offset on value of type bool in C:\Users\UDAYY\Local Sites\charitiesinstitute\app\public\wp-content\plugins\elementor\includes\managers\image.php on line 113
[13-Mar-2024 20:30:06 UTC] PHP Warning:  Trying to access array offset on value of type bool in C:\Users\UDAYY\Local Sites\charitiesinstitute\app\public\wp-content\plugins\elementor\includes\managers\image.php on line 113
[13-Mar-2024 20:31:06 UTC] PHP Warning:  Trying to access array offset on value of type bool in C:\Users\UDAYY\Local Sites\charitiesinstitute\app\public\wp-content\plugins\elementor\includes\managers\image.php on line 113
[13-Mar-2024 20:31:06 UTC] PHP Warning:  Trying to access array offset on value of type bool in C:\Users\UDAYY\Local Sites\charitiesinstitute\app\public\wp-content\plugins\elementor\includes\managers\image.php on line 113
[13-Mar-2024 20:31:06 UTC] PHP Warning:  Trying to access array offset on value of type bool in C:\Users\UDAYY\Local Sites\charitiesinstitute\app\public\wp-content\plugins\elementor\includes\managers\image.php on line 113
[13-Mar-2024 20:31:06 UTC] PHP Warning:  Trying to access array offset on value of type bool in C:\Users\UDAYY\Local Sites\charitiesinstitute\app\public\wp-content\plugins\elementor\includes\managers\image.php on line 113
[13-Mar-2024 20:31:06 UTC] PHP Warning:  Trying to access array offset on value of type bool in C:\Users\UDAYY\Local Sites\charitiesinstitute\app\public\wp-content\plugins\elementor\includes\managers\image.php on line 113
[13-Mar-2024 20:31:06 UTC] PHP Warning:  Trying to access array offset on value of type bool in C:\Users\UDAYY\Local Sites\charitiesinstitute\app\public\wp-content\plugins\elementor\includes\managers\image.php on line 113
[13-Mar-2024 20:31:06 UTC] PHP Warning:  Trying to access array offset on value of type bool in C:\Users\UDAYY\Local Sites\charitiesinstitute\app\public\wp-content\plugins\elementor\includes\managers\image.php on line 113
[13-Mar-2024 20:31:06 UTC] PHP Warning:  Trying to access array offset on value of type bool in C:\Users\UDAYY\Local Sites\charitiesinstitute\app\public\wp-content\plugins\elementor\includes\managers\image.php on line 113
[13-Mar-2024 20:31:06 UTC] PHP Warning:  Trying to access array offset on value of type bool in C:\Users\UDAYY\Local Sites\charitiesinstitute\app\public\wp-content\plugins\elementor\includes\managers\image.php on line 113
[13-Mar-2024 20:31:06 UTC] PHP Warning:  Trying to access array offset on value of type bool in C:\Users\UDAYY\Local Sites\charitiesinstitute\app\public\wp-content\plugins\elementor\includes\managers\image.php on line 113
[13-Mar-2024 20:31:06 UTC] PHP Warning:  Trying to access array offset on value of type bool in C:\Users\UDAYY\Local Sites\charitiesinstitute\app\public\wp-content\plugins\elementor\includes\managers\image.php on line 113
[13-Mar-2024 20:31:06 UTC] PHP Warning:  Trying to access array offset on value of type bool in C:\Users\UDAYY\Local Sites\charitiesinstitute\app\public\wp-content\plugins\elementor\includes\managers\image.php on line 113
[13-Mar-2024 20:31:06 UTC] PHP Warning:  Trying to access array offset on value of type bool in C:\Users\UDAYY\Local Sites\charitiesinstitute\app\public\wp-content\plugins\elementor\includes\managers\image.php on line 113
[13-Mar-2024 20:31:06 UTC] PHP Warning:  Trying to access array offset on value of type bool in C:\Users\UDAYY\Local Sites\charitiesinstitute\app\public\wp-content\plugins\elementor\includes\managers\image.php on line 113
[13-Mar-2024 20:31:06 UTC] PHP Warning:  Trying to access array offset on value of type bool in C:\Users\UDAYY\Local Sites\charitiesinstitute\app\public\wp-content\plugins\elementor\includes\managers\image.php on line 113
[13-Mar-2024 20:31:06 UTC] PHP Warning:  Trying to access array offset on value of type bool in C:\Users\UDAYY\Local Sites\charitiesinstitute\app\public\wp-content\plugins\elementor\includes\managers\image.php on line 113
[13-Mar-2024 20:31:06 UTC] PHP Warning:  Trying to access array offset on value of type bool in C:\Users\UDAYY\Local Sites\charitiesinstitute\app\public\wp-content\plugins\elementor\includes\managers\image.php on line 113
[13-Mar-2024 20:31:06 UTC] PHP Warning:  Trying to access array offset on value of type bool in C:\Users\UDAYY\Local Sites\charitiesinstitute\app\public\wp-content\plugins\elementor\includes\managers\image.php on line 113
[13-Mar-2024 20:31:06 UTC] PHP Warning:  Trying to access array offset on value of type bool in C:\Users\UDAYY\Local Sites\charitiesinstitute\app\public\wp-content\plugins\elementor\includes\managers\image.php on line 113
[13-Mar-2024 20:31:06 UTC] PHP Warning:  Trying to access array offset on value of type bool in C:\Users\UDAYY\Local Sites\charitiesinstitute\app\public\wp-content\plugins\elementor\includes\managers\image.php on line 113
[13-Mar-2024 20:31:06 UTC] PHP Warning:  Trying to access array offset on value of type bool in C:\Users\UDAYY\Local Sites\charitiesinstitute\app\public\wp-content\plugins\elementor\includes\managers\image.php on line 113
[13-Mar-2024 20:31:06 UTC] PHP Warning:  Trying to access array offset on value of type bool in C:\Users\UDAYY\Local Sites\charitiesinstitute\app\public\wp-content\plugins\elementor\includes\managers\image.php on line 113
[13-Mar-2024 20:31:06 UTC] PHP Warning:  Trying to access array offset on value of type bool in C:\Users\UDAYY\Local Sites\charitiesinstitute\app\public\wp-content\plugins\elementor\includes\managers\image.php on line 113
[13-Mar-2024 20:31:06 UTC] PHP Warning:  Trying to access array offset on value of type bool in C:\Users\UDAYY\Local Sites\charitiesinstitute\app\public\wp-content\plugins\elementor\includes\managers\image.php on line 113
[13-Mar-2024 20:31:06 UTC] PHP Warning:  Trying to access array offset on value of type bool in C:\Users\UDAYY\Local Sites\charitiesinstitute\app\public\wp-content\plugins\elementor\includes\managers\image.php on line 113
[13-Mar-2024 20:31:06 UTC] PHP Warning:  Trying to access array offset on value of type bool in C:\Users\UDAYY\Local Sites\charitiesinstitute\app\public\wp-content\plugins\elementor\includes\managers\image.php on line 113
[13-Mar-2024 20:31:06 UTC] PHP Warning:  Trying to access array offset on value of type bool in C:\Users\UDAYY\Local Sites\charitiesinstitute\app\public\wp-content\plugins\elementor\includes\managers\image.php on line 113
[13-Mar-2024 20:31:06 UTC] PHP Warning:  Trying to access array offset on value of type bool in C:\Users\UDAYY\Local Sites\charitiesinstitute\app\public\wp-content\plugins\elementor\includes\managers\image.php on line 113
[13-Mar-2024 20:31:06 UTC] PHP Warning:  Trying to access array offset on value of type bool in C:\Users\UDAYY\Local Sites\charitiesinstitute\app\public\wp-content\plugins\elementor\includes\managers\image.php on line 113
[13-Mar-2024 20:31:06 UTC] PHP Warning:  Trying to access array offset on value of type bool in C:\Users\UDAYY\Local Sites\charitiesinstitute\app\public\wp-content\plugins\elementor\includes\managers\image.php on line 113
[13-Mar-2024 20:31:06 UTC] PHP Warning:  Trying to access array offset on value of type bool in C:\Users\UDAYY\Local Sites\charitiesinstitute\app\public\wp-content\plugins\elementor\includes\managers\image.php on line 113
[13-Mar-2024 20:31:06 UTC] PHP Warning:  Trying to access array offset on value of type bool in C:\Users\UDAYY\Local Sites\charitiesinstitute\app\public\wp-content\plugins\elementor\includes\managers\image.php on line 113
[13-Mar-2024 20:31:06 UTC] PHP Warning:  Trying to access array offset on value of type bool in C:\Users\UDAYY\Local Sites\charitiesinstitute\app\public\wp-content\plugins\elementor\includes\managers\image.php on line 113
[13-Mar-2024 20:31:06 UTC] PHP Warning:  Trying to access array offset on value of type bool in C:\Users\UDAYY\Local Sites\charitiesinstitute\app\public\wp-content\plugins\elementor\includes\managers\image.php on line 113
[13-Mar-2024 20:31:06 UTC] PHP Warning:  Trying to access array offset on value of type bool in C:\Users\UDAYY\Local Sites\charitiesinstitute\app\public\wp-content\plugins\elementor\includes\managers\image.php on line 113
[13-Mar-2024 20:31:06 UTC] PHP Warning:  Trying to access array offset on value of type bool in C:\Users\UDAYY\Local Sites\charitiesinstitute\app\public\wp-content\plugins\elementor\includes\managers\image.php on line 113
[13-Mar-2024 20:31:06 UTC] PHP Warning:  Trying to access array offset on value of type bool in C:\Users\UDAYY\Local Sites\charitiesinstitute\app\public\wp-content\plugins\elementor\includes\managers\image.php on line 113
[13-Mar-2024 20:31:06 UTC] PHP Warning:  Trying to access array offset on value of type bool in C:\Users\UDAYY\Local Sites\charitiesinstitute\app\public\wp-content\plugins\elementor\includes\managers\image.php on line 113
[13-Mar-2024 20:31:06 UTC] PHP Warning:  Trying to access array offset on value of type bool in C:\Users\UDAYY\Local Sites\charitiesinstitute\app\public\wp-content\plugins\elementor\includes\managers\image.php on line 113
[13-Mar-2024 20:31:06 UTC] PHP Warning:  Trying to access array offset on value of type bool in C:\Users\UDAYY\Local Sites\charitiesinstitute\app\public\wp-content\plugins\elementor\includes\managers\image.php on line 113
[13-Mar-2024 20:31:06 UTC] PHP Warning:  Trying to access array offset on value of type bool in C:\Users\UDAYY\Local Sites\charitiesinstitute\app\public\wp-content\plugins\elementor\includes\managers\image.php on line 113
[13-Mar-2024 20:31:06 UTC] PHP Warning:  Trying to access array offset on value of type bool in C:\Users\UDAYY\Local Sites\charitiesinstitute\app\public\wp-content\plugins\elementor\includes\managers\image.php on line 113
[13-Mar-2024 20:31:06 UTC] PHP Warning:  Trying to access array offset on value of type bool in C:\Users\UDAYY\Local Sites\charitiesinstitute\app\public\wp-content\plugins\elementor\includes\managers\image.php on line 113
[13-Mar-2024 20:31:06 UTC] PHP Warning:  Trying to access array offset on value of type bool in C:\Users\UDAYY\Local Sites\charitiesinstitute\app\public\wp-content\plugins\elementor\includes\managers\image.php on line 113
[13-Mar-2024 20:31:06 UTC] PHP Warning:  Trying to access array offset on value of type bool in C:\Users\UDAYY\Local Sites\charitiesinstitute\app\public\wp-content\plugins\elementor\includes\managers\image.php on line 113
[13-Mar-2024 20:31:06 UTC] PHP Warning:  Trying to access array offset on value of type bool in C:\Users\UDAYY\Local Sites\charitiesinstitute\app\public\wp-content\plugins\elementor\includes\managers\image.php on line 113
[13-Mar-2024 20:31:06 UTC] PHP Warning:  Trying to access array offset on value of type bool in C:\Users\UDAYY\Local Sites\charitiesinstitute\app\public\wp-content\plugins\elementor\includes\managers\image.php on line 113
[13-Mar-2024 20:31:06 UTC] PHP Warning:  Trying to access array offset on value of type bool in C:\Users\UDAYY\Local Sites\charitiesinstitute\app\public\wp-content\plugins\elementor\includes\managers\image.php on line 113
[13-Mar-2024 20:31:06 UTC] PHP Warning:  Trying to access array offset on value of type bool in C:\Users\UDAYY\Local Sites\charitiesinstitute\app\public\wp-content\plugins\elementor\includes\managers\image.php on line 113
[13-Mar-2024 20:31:06 UTC] PHP Warning:  Trying to access array offset on value of type bool in C:\Users\UDAYY\Local Sites\charitiesinstitute\app\public\wp-content\plugins\elementor\includes\managers\image.php on line 113
[13-Mar-2024 20:31:06 UTC] PHP Warning:  Trying to access array offset on value of type bool in C:\Users\UDAYY\Local Sites\charitiesinstitute\app\public\wp-content\plugins\elementor\includes\managers\image.php on line 113
[13-Mar-2024 20:31:06 UTC] PHP Warning:  Trying to access array offset on value of type bool in C:\Users\UDAYY\Local Sites\charitiesinstitute\app\public\wp-content\plugins\elementor\includes\managers\image.php on line 113
[13-Mar-2024 20:31:06 UTC] PHP Warning:  Trying to access array offset on value of type bool in C:\Users\UDAYY\Local Sites\charitiesinstitute\app\public\wp-content\plugins\elementor\includes\managers\image.php on line 113
[13-Mar-2024 20:31:06 UTC] PHP Warning:  Trying to access array offset on value of type bool in C:\Users\UDAYY\Local Sites\charitiesinstitute\app\public\wp-content\plugins\elementor\includes\managers\image.php on line 113
[13-Mar-2024 20:43:27 UTC] PHP Warning:  Array to string conversion in C:\Users\UDAYY\Local Sites\charitiesinstitute\app\public\wp-content\plugins\elementor\modules\ai\connect\ai.php on line 98
[13-Mar-2024 20:48:58 UTC] PHP Warning:  Trying to access array offset on value of type bool in C:\Users\UDAYY\Local Sites\charitiesinstitute\app\public\wp-content\plugins\elementor\includes\managers\image.php on line 113
[13-Mar-2024 20:48:58 UTC] PHP Warning:  Trying to access array offset on value of type bool in C:\Users\UDAYY\Local Sites\charitiesinstitute\app\public\wp-content\plugins\elementor\includes\managers\image.php on line 113
[13-Mar-2024 20:48:58 UTC] PHP Warning:  Trying to access array offset on value of type bool in C:\Users\UDAYY\Local Sites\charitiesinstitute\app\public\wp-content\plugins\elementor\includes\managers\image.php on line 113
[13-Mar-2024 20:48:58 UTC] PHP Warning:  Trying to access array offset on value of type bool in C:\Users\UDAYY\Local Sites\charitiesinstitute\app\public\wp-content\plugins\elementor\includes\managers\image.php on line 113
[13-Mar-2024 20:48:58 UTC] PHP Warning:  Trying to access array offset on value of type bool in C:\Users\UDAYY\Local Sites\charitiesinstitute\app\public\wp-content\plugins\elementor\includes\managers\image.php on line 113
[13-Mar-2024 20:48:58 UTC] PHP Warning:  Trying to access array offset on value of type bool in C:\Users\UDAYY\Local Sites\charitiesinstitute\app\public\wp-content\plugins\elementor\includes\managers\image.php on line 113
[13-Mar-2024 20:48:58 UTC] PHP Warning:  Trying to access array offset on value of type bool in C:\Users\UDAYY\Local Sites\charitiesinstitute\app\public\wp-content\plugins\elementor\includes\managers\image.php on line 113
[13-Mar-2024 20:48:58 UTC] PHP Warning:  Trying to access array offset on value of type bool in C:\Users\UDAYY\Local Sites\charitiesinstitute\app\public\wp-content\plugins\elementor\includes\managers\image.php on line 113
[13-Mar-2024 20:48:58 UTC] PHP Warning:  Trying to access array offset on value of type bool in C:\Users\UDAYY\Local Sites\charitiesinstitute\app\public\wp-content\plugins\elementor\includes\managers\image.php on line 113
[13-Mar-2024 20:49:02 UTC] PHP Warning:  Trying to access array offset on value of type bool in C:\Users\UDAYY\Local Sites\charitiesinstitute\app\public\wp-content\plugins\elementor\includes\managers\image.php on line 113
[17-Mar-2024 15:53:28 UTC] [Image Optimizer]: error in ImageOptimization\Modules\Oauth\Components\Connect::check_connect_status(): Status check error. Reason: Activation Request Failed!: Invalid activation
[18-Mar-2024 16:02:56 UTC] [Image Optimizer]: error in ImageOptimization\Modules\Oauth\Components\Connect::check_connect_status(): Status check error. Reason: Activation Request Failed!: Invalid activation
[18-Mar-2024 16:03:01 UTC] [Image Optimizer]: error in ImageOptimization\Modules\Oauth\Components\Connect::check_connect_status(): Status check error. Reason: Activation Request Failed!: Invalid activation
[18-Mar-2024 16:47:32 UTC] [Image Optimizer]: error in ImageOptimization\Modules\Oauth\Components\Connect::check_connect_status(): Status check error. Reason: Activation Request Failed!: Invalid activation
[18-Mar-2024 16:51:22 UTC] [Image Optimizer]: error in ImageOptimization\Modules\Oauth\Components\Connect::check_connect_status(): Status check error. Reason: Activation Request Failed!: Invalid activation
[18-Mar-2024 16:51:27 UTC] [Image Optimizer]: error in ImageOptimization\Modules\Oauth\Components\Connect::check_connect_status(): Status check error. Reason: Activation Request Failed!: Invalid activation
[18-Mar-2024 16:51:32 UTC] [Image Optimizer]: error in ImageOptimization\Modules\Oauth\Components\Connect::check_connect_status(): Status check error. Reason: Activation Request Failed!: Invalid activation
[18-Mar-2024 16:51:37 UTC] [Image Optimizer]: error in ImageOptimization\Modules\Oauth\Components\Connect::check_connect_status(): Status check error. Reason: Activation Request Failed!: Invalid activation
[18-Mar-2024 16:51:42 UTC] [Image Optimizer]: error in ImageOptimization\Modules\Oauth\Components\Connect::check_connect_status(): Status check error. Reason: Activation Request Failed!: Invalid activation
[18-Mar-2024 16:51:47 UTC] [Image Optimizer]: error in ImageOptimization\Modules\Oauth\Components\Connect::check_connect_status(): Status check error. Reason: Activation Request Failed!: Invalid activation
[18-Mar-2024 16:51:52 UTC] [Image Optimizer]: error in ImageOptimization\Modules\Oauth\Components\Connect::check_connect_status(): Status check error. Reason: Activation Request Failed!: Invalid activation
[18-Mar-2024 16:51:57 UTC] [Image Optimizer]: error in ImageOptimization\Modules\Oauth\Components\Connect::check_connect_status(): Status check error. Reason: Activation Request Failed!: Invalid activation
[18-Mar-2024 16:52:12 UTC] [Image Optimizer]: error in ImageOptimization\Modules\Oauth\Components\Connect::check_connect_status(): Status check error. Reason: Activation Request Failed!: Invalid activation
[18-Mar-2024 16:52:17 UTC] [Image Optimizer]: error in ImageOptimization\Modules\Oauth\Components\Connect::check_connect_status(): Status check error. Reason: Activation Request Failed!: Invalid activation
[18-Mar-2024 16:52:22 UTC] [Image Optimizer]: error in ImageOptimization\Modules\Oauth\Components\Connect::check_connect_status(): Status check error. Reason: Activation Request Failed!: Invalid activation
[18-Mar-2024 16:52:27 UTC] [Image Optimizer]: error in ImageOptimization\Modules\Oauth\Components\Connect::check_connect_status(): Status check error. Reason: Activation Request Failed!: Invalid activation
[18-Mar-2024 16:52:32 UTC] [Image Optimizer]: error in ImageOptimization\Modules\Oauth\Components\Connect::check_connect_status(): Status check error. Reason: Activation Request Failed!: Invalid activation
[18-Mar-2024 16:52:37 UTC] [Image Optimizer]: error in ImageOptimization\Modules\Oauth\Components\Connect::check_connect_status(): Status check error. Reason: Activation Request Failed!: Invalid activation
[18-Mar-2024 16:52:42 UTC] [Image Optimizer]: error in ImageOptimization\Modules\Oauth\Components\Connect::check_connect_status(): Status check error. Reason: Activation Request Failed!: Invalid activation
[18-Mar-2024 16:52:47 UTC] [Image Optimizer]: error in ImageOptimization\Modules\Oauth\Components\Connect::check_connect_status(): Status check error. Reason: Activation Request Failed!: Invalid activation
[18-Mar-2024 16:52:52 UTC] [Image Optimizer]: error in ImageOptimization\Modules\Oauth\Components\Connect::check_connect_status(): Status check error. Reason: Activation Request Failed!: Invalid activation
[18-Mar-2024 16:52:57 UTC] [Image Optimizer]: error in ImageOptimization\Modules\Oauth\Components\Connect::check_connect_status(): Status check error. Reason: Activation Request Failed!: Invalid activation
[18-Mar-2024 16:53:02 UTC] [Image Optimizer]: error in ImageOptimization\Modules\Oauth\Components\Connect::check_connect_status(): Status check error. Reason: Activation Request Failed!: Invalid activation
[18-Mar-2024 16:53:07 UTC] [Image Optimizer]: error in ImageOptimization\Modules\Oauth\Components\Connect::check_connect_status(): Status check error. Reason: Activation Request Failed!: Invalid activation
[18-Mar-2024 16:53:16 UTC] [Image Optimizer]: error in ImageOptimization\Modules\Oauth\Components\Connect::check_connect_status(): Status check error. Reason: Activation Request Failed!: Invalid activation
[18-Mar-2024 16:53:22 UTC] [Image Optimizer]: error in ImageOptimization\Modules\Oauth\Components\Connect::check_connect_status(): Status check error. Reason: Activation Request Failed!: Invalid activation
[18-Mar-2024 16:53:27 UTC] [Image Optimizer]: error in ImageOptimization\Modules\Oauth\Components\Connect::check_connect_status(): Status check error. Reason: Activation Request Failed!: Invalid activation
[18-Mar-2024 16:53:32 UTC] [Image Optimizer]: error in ImageOptimization\Modules\Oauth\Components\Connect::check_connect_status(): Status check error. Reason: Activation Request Failed!: Invalid activation
[18-Mar-2024 16:53:37 UTC] [Image Optimizer]: error in ImageOptimization\Modules\Oauth\Components\Connect::check_connect_status(): Status check error. Reason: Activation Request Failed!: Invalid activation
[18-Mar-2024 16:53:42 UTC] [Image Optimizer]: error in ImageOptimization\Modules\Oauth\Components\Connect::check_connect_status(): Status check error. Reason: Activation Request Failed!: Invalid activation
[18-Mar-2024 16:53:47 UTC] [Image Optimizer]: error in ImageOptimization\Modules\Oauth\Components\Connect::check_connect_status(): Status check error. Reason: Activation Request Failed!: Invalid activation
[18-Mar-2024 16:53:52 UTC] [Image Optimizer]: error in ImageOptimization\Modules\Oauth\Components\Connect::check_connect_status(): Status check error. Reason: Activation Request Failed!: Invalid activation
[18-Mar-2024 16:53:57 UTC] [Image Optimizer]: error in ImageOptimization\Modules\Oauth\Components\Connect::check_connect_status(): Status check error. Reason: Activation Request Failed!: Invalid activation
[18-Mar-2024 16:54:02 UTC] [Image Optimizer]: error in ImageOptimization\Modules\Oauth\Components\Connect::check_connect_status(): Status check error. Reason: Activation Request Failed!: Invalid activation
[18-Mar-2024 16:54:07 UTC] [Image Optimizer]: error in ImageOptimization\Modules\Oauth\Components\Connect::check_connect_status(): Status check error. Reason: Activation Request Failed!: Invalid activation
[18-Mar-2024 16:54:12 UTC] [Image Optimizer]: error in ImageOptimization\Modules\Oauth\Components\Connect::check_connect_status(): Status check error. Reason: Activation Request Failed!: Invalid activation
[18-Mar-2024 16:54:17 UTC] [Image Optimizer]: error in ImageOptimization\Modules\Oauth\Components\Connect::check_connect_status(): Status check error. Reason: Activation Request Failed!: Invalid activation
[18-Mar-2024 16:54:28 UTC] [Image Optimizer]: error in ImageOptimization\Modules\Oauth\Components\Connect::check_connect_status(): Status check error. Reason: Activation Request Failed!: Invalid activation
[18-Mar-2024 16:54:32 UTC] [Image Optimizer]: error in ImageOptimization\Modules\Oauth\Components\Connect::check_connect_status(): Status check error. Reason: Activation Request Failed!: Invalid activation
[18-Mar-2024 16:54:37 UTC] [Image Optimizer]: error in ImageOptimization\Modules\Oauth\Components\Connect::check_connect_status(): Status check error. Reason: Activation Request Failed!: Invalid activation
[18-Mar-2024 16:54:42 UTC] [Image Optimizer]: error in ImageOptimization\Modules\Oauth\Components\Connect::check_connect_status(): Status check error. Reason: Activation Request Failed!: Invalid activation
[18-Mar-2024 16:54:47 UTC] [Image Optimizer]: error in ImageOptimization\Modules\Oauth\Components\Connect::check_connect_status(): Status check error. Reason: Activation Request Failed!: Invalid activation
[18-Mar-2024 16:54:52 UTC] [Image Optimizer]: error in ImageOptimization\Modules\Oauth\Components\Connect::check_connect_status(): Status check error. Reason: Activation Request Failed!: Invalid activation
[18-Mar-2024 16:54:57 UTC] [Image Optimizer]: error in ImageOptimization\Modules\Oauth\Components\Connect::check_connect_status(): Status check error. Reason: Activation Request Failed!: Invalid activation
[18-Mar-2024 16:55:02 UTC] [Image Optimizer]: error in ImageOptimization\Modules\Oauth\Components\Connect::check_connect_status(): Status check error. Reason: Activation Request Failed!: Invalid activation
[18-Mar-2024 16:55:07 UTC] [Image Optimizer]: error in ImageOptimization\Modules\Oauth\Components\Connect::check_connect_status(): Status check error. Reason: Activation Request Failed!: Invalid activation
[18-Mar-2024 16:55:12 UTC] [Image Optimizer]: error in ImageOptimization\Modules\Oauth\Components\Connect::check_connect_status(): Status check error. Reason: Activation Request Failed!: Invalid activation
[18-Mar-2024 16:55:17 UTC] [Image Optimizer]: error in ImageOptimization\Modules\Oauth\Components\Connect::check_connect_status(): Status check error. Reason: Activation Request Failed!: Invalid activation
[18-Mar-2024 16:55:22 UTC] [Image Optimizer]: error in ImageOptimization\Modules\Oauth\Components\Connect::check_connect_status(): Status check error. Reason: Activation Request Failed!: Invalid activation
[18-Mar-2024 16:55:27 UTC] [Image Optimizer]: error in ImageOptimization\Modules\Oauth\Components\Connect::check_connect_status(): Status check error. Reason: Activation Request Failed!: Invalid activation
[18-Mar-2024 16:55:38 UTC] [Image Optimizer]: error in ImageOptimization\Modules\Oauth\Components\Connect::check_connect_status(): Status check error. Reason: Activation Request Failed!: Invalid activation
[18-Mar-2024 16:55:42 UTC] [Image Optimizer]: error in ImageOptimization\Modules\Oauth\Components\Connect::check_connect_status(): Status check error. Reason: Activation Request Failed!: Invalid activation
[18-Mar-2024 16:55:47 UTC] [Image Optimizer]: error in ImageOptimization\Modules\Oauth\Components\Connect::check_connect_status(): Status check error. Reason: Activation Request Failed!: Invalid activation
[18-Mar-2024 16:55:52 UTC] [Image Optimizer]: error in ImageOptimization\Modules\Oauth\Components\Connect::check_connect_status(): Status check error. Reason: Activation Request Failed!: Invalid activation
[18-Mar-2024 16:55:57 UTC] [Image Optimizer]: error in ImageOptimization\Modules\Oauth\Components\Connect::check_connect_status(): Status check error. Reason: Activation Request Failed!: Invalid activation
[18-Mar-2024 16:56:02 UTC] [Image Optimizer]: error in ImageOptimization\Modules\Oauth\Components\Connect::check_connect_status(): Status check error. Reason: Activation Request Failed!: Invalid activation
[18-Mar-2024 16:56:07 UTC] [Image Optimizer]: error in ImageOptimization\Modules\Oauth\Components\Connect::check_connect_status(): Status check error. Reason: Activation Request Failed!: Invalid activation
[18-Mar-2024 16:56:12 UTC] [Image Optimizer]: error in ImageOptimization\Modules\Oauth\Components\Connect::check_connect_status(): Status check error. Reason: Activation Request Failed!: Invalid activation
[18-Mar-2024 16:56:17 UTC] [Image Optimizer]: error in ImageOptimization\Modules\Oauth\Components\Connect::check_connect_status(): Status check error. Reason: Activation Request Failed!: Invalid activation
[18-Mar-2024 16:56:22 UTC] [Image Optimizer]: error in ImageOptimization\Modules\Oauth\Components\Connect::check_connect_status(): Status check error. Reason: Activation Request Failed!: Invalid activation
[18-Mar-2024 16:56:27 UTC] [Image Optimizer]: error in ImageOptimization\Modules\Oauth\Components\Connect::check_connect_status(): Status check error. Reason: Activation Request Failed!: Invalid activation
[18-Mar-2024 16:56:32 UTC] [Image Optimizer]: error in ImageOptimization\Modules\Oauth\Components\Connect::check_connect_status(): Status check error. Reason: Activation Request Failed!: Invalid activation
[18-Mar-2024 16:56:37 UTC] [Image Optimizer]: error in ImageOptimization\Modules\Oauth\Components\Connect::check_connect_status(): Status check error. Reason: Activation Request Failed!: Invalid activation
[18-Mar-2024 16:56:45 UTC] [Image Optimizer]: error in ImageOptimization\Modules\Oauth\Components\Connect::check_connect_status(): Status check error. Reason: Activation Request Failed!: Invalid activation
[18-Mar-2024 16:56:47 UTC] [Image Optimizer]: error in ImageOptimization\Modules\Oauth\Components\Connect::check_connect_status(): Status check error. Reason: Activation Request Failed!: Invalid activation
[18-Mar-2024 16:56:52 UTC] [Image Optimizer]: error in ImageOptimization\Modules\Oauth\Components\Connect::check_connect_status(): Status check error. Reason: Activation Request Failed!: Invalid activation
[18-Mar-2024 16:56:57 UTC] [Image Optimizer]: error in ImageOptimization\Modules\Oauth\Components\Connect::check_connect_status(): Status check error. Reason: Activation Request Failed!: Invalid activation
[18-Mar-2024 16:57:02 UTC] [Image Optimizer]: error in ImageOptimization\Modules\Oauth\Components\Connect::check_connect_status(): Status check error. Reason: Activation Request Failed!: Invalid activation
[18-Mar-2024 16:57:07 UTC] [Image Optimizer]: error in ImageOptimization\Modules\Oauth\Components\Connect::check_connect_status(): Status check error. Reason: Activation Request Failed!: Invalid activation
[18-Mar-2024 16:57:16 UTC] [Image Optimizer]: error in ImageOptimization\Modules\Oauth\Components\Connect::check_connect_status(): Status check error. Reason: Activation Request Failed!: Invalid activation
[18-Mar-2024 18:24:01 UTC] [Image Optimizer]: error in ImageOptimization\Modules\Oauth\Components\Connect::check_connect_status(): Status check error. Reason: Activation Request Failed!: Invalid activation
[18-Mar-2024 18:38:32 UTC] [Image Optimizer]: error in ImageOptimization\Modules\Oauth\Components\Connect::check_connect_status(): Status check error. Reason: Activation Request Failed!: Invalid activation
[18-Mar-2024 20:57:51 UTC] [Image Optimizer]: error in ImageOptimization\Modules\Oauth\Components\Connect::check_connect_status(): Status check error. Reason: Activation Request Failed!: Invalid activation
[18-Mar-2024 23:28:29 UTC] [Image Optimizer]: error in ImageOptimization\Modules\Oauth\Components\Connect::check_connect_status(): Status check error. Reason: Activation Request Failed!: Invalid activation
[18-Mar-2024 23:28:34 UTC] [Image Optimizer]: error in ImageOptimization\Modules\Oauth\Components\Connect::check_connect_status(): Status check error. Reason: Activation Request Failed!: Invalid activation
[19-Mar-2024 00:04:58 UTC] PHP Warning:  Array to string conversion in C:\Users\UDAYY\Local Sites\charitiesinstitute\app\public\wp-content\plugins\elementor\modules\ai\connect\ai.php on line 98
